16:56:16.784 [main] INFO  api.test.UserTests - ************Creating user***************
16:56:34.096 [main] INFO  api.test.UserTests - ***********User is created***************
16:56:34.112 [main] INFO  api.test.UserTests - ************Regarding user Info***************
16:56:34.452 [main] INFO  api.test.UserTests - ************User info is Displayed***************
16:56:34.453 [main] INFO  api.test.UserTests - ************Updating user***************
16:56:34.780 [main] INFO  api.test.UserTests - ************User is updated***************
16:56:35.077 [main] INFO  api.test.UserTests - ************Deleting user***************
16:56:35.477 [main] INFO  api.test.UserTests - ************User is deleted***************
16:14:25.959 [main] INFO  api.test.UserTests2 - ************Creating user***************
16:14:30.172 [main] INFO  api.test.UserTests2 - ***********User is created***************
16:14:30.188 [main] INFO  api.test.UserTests2 - ************Regarding user Info***************
16:14:30.670 [main] INFO  api.test.UserTests2 - ************User info is Displayed***************
16:14:30.672 [main] INFO  api.test.UserTests2 - ************Updating user***************
16:14:31.084 [main] INFO  api.test.UserTests2 - ************User is updated***************
16:14:31.514 [main] INFO  api.test.UserTests2 - ************Deleting user***************
16:14:31.802 [main] INFO  api.test.UserTests2 - ************User is deleted***************
16:56:37.511 [main] INFO  api.test.UserTests - ************Creating user***************
16:56:37.966 [main] INFO  api.test.UserTests - ***********User is created***************
16:56:37.966 [main] INFO  api.test.UserTests - ************Regarding user Info***************
16:56:38.472 [main] INFO  api.test.UserTests - ************User info is Displayed***************
16:56:38.472 [main] INFO  api.test.UserTests - ************Updating user***************
16:56:38.878 [main] INFO  api.test.UserTests - ************User is updated***************
16:56:39.286 [main] INFO  api.test.UserTests - ************Deleting user***************
16:56:39.695 [main] INFO  api.test.UserTests - ************User is deleted***************
17:03:38.303 [main] INFO  api.test.UserTests - ************Creating user***************
17:03:38.632 [main] INFO  api.test.UserTests - ***********User is created***************
17:03:38.633 [main] INFO  api.test.UserTests - ************Regarding user Info***************
17:03:38.921 [main] INFO  api.test.UserTests - ************User info is Displayed***************
17:03:38.922 [main] INFO  api.test.UserTests - ************Updating user***************
17:03:39.321 [main] INFO  api.test.UserTests - ************User is updated***************
17:03:39.606 [main] INFO  api.test.UserTests - ************Deleting user***************
17:03:40.046 [main] INFO  api.test.UserTests - ************User is deleted***************
17:09:32.382 [main] INFO  api.test.UserTests2 - ************Creating user***************
17:09:34.184 [main] INFO  api.test.UserTests2 - ***********User is created***************
17:09:34.198 [main] INFO  api.test.UserTests2 - ************Regarding user Info***************
17:09:34.649 [main] INFO  api.test.UserTests2 - ************User info is Displayed***************
17:09:34.650 [main] INFO  api.test.UserTests2 - ************Updating user***************
17:09:34.957 [main] INFO  api.test.UserTests2 - ************User is updated***************
17:09:35.349 [main] INFO  api.test.UserTests2 - ************Deleting user***************
17:09:35.638 [main] INFO  api.test.UserTests2 - ************User is deleted***************
17:44:04.567 [main] INFO  api.test.UserTests2 - ************Creating user***************
17:44:06.361 [main] INFO  api.test.UserTests2 - ***********User is created***************
17:44:06.371 [main] INFO  api.test.UserTests2 - ************Regarding user Info***************
17:44:06.721 [main] INFO  api.test.UserTests2 - ************User info is Displayed***************
17:44:06.723 [main] INFO  api.test.UserTests2 - ************Updating user***************
17:44:07.157 [main] INFO  api.test.UserTests2 - ************User is updated***************
17:44:07.600 [main] INFO  api.test.UserTests2 - ************Deleting user***************
17:44:08.007 [main] INFO  api.test.UserTests2 - ************User is deleted***************
14:35:55.493 [main] INFO  api.test.UserTests2 - ************Creating user***************
14:35:57.863 [main] INFO  api.test.UserTests2 - ***********User is created***************
14:35:57.875 [main] INFO  api.test.UserTests2 - ************Regarding user Info***************
14:35:58.265 [main] INFO  api.test.UserTests2 - ************User info is Displayed***************
14:35:58.267 [main] INFO  api.test.UserTests2 - ************Updating user***************
14:35:58.605 [main] INFO  api.test.UserTests2 - ************User is updated***************
14:35:58.888 [main] INFO  api.test.UserTests2 - ************Deleting user***************
14:35:59.171 [main] INFO  api.test.UserTests2 - ************User is deleted***************
